<?xml version="1.0" encoding="UTF-8"?>
<!-- Generated by org.testng.reporters.JUnitReportReporter -->
<testsuite hostname="DESKTOP-BMPQ3OV" failures="0" tests="5" name="greens.miniProject.Minitest" time="16.179" errors="0" timestamp="2023-04-11T23:35:36 IST" skipped="0">
  <testcase classname="greens.miniProject.Minitest" name="nassertbalance" time="0.073"/>
  <system-out/>
  <testcase classname="greens.miniProject.Minitest" name="validatetransaction" time="4.705"/>
  <system-out/>
  <testcase classname="greens.miniProject.Minitest" name="login" time="2.867"/>
  <system-out/>
  <testcase classname="greens.miniProject.Minitest" name="mata" time="7.026"/>
  <system-out/>
  <testcase classname="greens.miniProject.Minitest" name="login" time="1.508"/>
  <system-out/>
</testsuite> <!-- greens.miniProject.Minitest -->
