<?xml version="1.0" encoding="UTF-8"?>
<!-- Generated by org.testng.reporters.JUnitReportReporter -->
<testsuite hostname="DESKTOP-BMPQ3OV" failures="0" tests="2" name="Vishnuraj.Mavenjava.RestAPItest" time="0.018" errors="0" timestamp="2022-07-12T15:56:20 IST" skipped="0">
  <testcase classname="Vishnuraj.Mavenjava.RestAPItest" name="deletetwitter" time="0.017"/>
  <system-out/>
  <testcase classname="Vishnuraj.Mavenjava.RestAPItest" name="postjira" time="0.001"/>
  <system-out/>
</testsuite> <!-- Vishnuraj.Mavenjava.RestAPItest -->
