<?xml version="1.0" encoding="UTF-8"?>
<!-- Generated by org.testng.reporters.JUnitReportReporter -->
<testsuite hostname="DESKTOP-BMPQ3OV" failures="0" tests="2" name="Vishnuraj.Mavenjava.Appiumtest" time="0.091" errors="0" timestamp="2022-07-02T21:04:03 IST" skipped="0">
  <testcase classname="Vishnuraj.Mavenjava.Appiumtest" name="NativeAPPandroid" time="0.005"/>
  <system-out/>
  <testcase classname="Vishnuraj.Mavenjava.Appiumtest" name="IOSapps" time="0.086"/>
  <system-out/>
</testsuite> <!-- Vishnuraj.Mavenjava.Appiumtest -->
