<?xml version="1.0" encoding="UTF-8"?>
<!-- Generated by org.testng.reporters.JUnitReportReporter -->
<testsuite hostname="DESKTOP-BMPQ3OV" failures="0" tests="2" name="Vishnuraj.Mavenjava.AppiumTest" time="0.002" errors="0" timestamp="2022-07-25T13:08:46 IST" skipped="0">
  <testcase classname="Vishnuraj.Mavenjava.AppiumTest" name="IOSapps" time="0.001"/>
  <system-out/>
  <testcase classname="Vishnuraj.Mavenjava.AppiumTest" name="NativeAPPandroid" time="0.001"/>
  <system-out/>
</testsuite> <!-- Vishnuraj.Mavenjava.AppiumTest -->
