<?xml version="1.0" encoding="UTF-8"?>
<!-- Generated by org.testng.reporters.JUnitReportReporter -->
<testsuite hostname="DESKTOP-BMPQ3OV" failures="0" tests="2" name="Vishnuraj.Mavenjava.SeleniumTest" time="0.009" errors="0" timestamp="2022-07-25T13:08:46 IST" skipped="0">
  <testcase classname="Vishnuraj.Mavenjava.SeleniumTest" name="elementsui" time="0.001"/>
  <system-out/>
  <testcase classname="Vishnuraj.Mavenjava.SeleniumTest" name="browserautomation" time="0.008"/>
  <system-out/>
</testsuite> <!-- Vishnuraj.Mavenjava.SeleniumTest -->
